<?xml version="1.0" encoding="UTF-8"?>
<testng-results skipped="1" failed="0" ignored="0" total="1" passed="0">
  <reporter-output>
  </reporter-output>
  <suite name="Default suite" duration-ms="2692" started-at="2020-04-19T01:13:28 IST" finished-at="2020-04-19T01:13:31 IST">
    <groups>
    </groups>
    <test name="Default test" duration-ms="2692" started-at="2020-04-19T01:13:28 IST" finished-at="2020-04-19T01:13:31 IST">
      <class name="testsuite.TestClass">
        <test-method status="PASS" signature="setupSuite()[pri:0, instance:testsuite.TestClass@365185bd]" name="setupSuite" is-config="true" duration-ms="10" started-at="2020-04-19T01:13:28 IST" finished-at="2020-04-19T01:13:28 IST">
          <reporter-output>
          </reporter-output>
        </test-method> <!-- setupSuite -->
        <test-method status="FAIL" signature="setBrowerDriver()[pri:0, instance:testsuite.TestClass@365185bd]" name="setBrowerDriver" is-config="true" duration-ms="2335" started-at="2020-04-19T01:13:28 IST" finished-at="2020-04-19T01:13:30 IST">
          <exception class="java.lang.NullPointerException">
            <message>
              <![CDATA[null value in entry: url=null]]>
            </message>
            <full-stacktrace>
              <![CDATA[java.lang.NullPointerException: null value in entry: url=null
at com.google.common.collect.CollectPreconditions.checkEntryNotNull(CollectPreconditions.java:32)
at com.google.common.collect.SingletonImmutableBiMap.<init>(SingletonImmutableBiMap.java:42)
at com.google.common.collect.ImmutableBiMap.of(ImmutableBiMap.java:72)
at com.google.common.collect.ImmutableMap.of(ImmutableMap.java:124)
at org.openqa.selenium.remote.RemoteWebDriver.get(RemoteWebDriver.java:277)
at accelerators.TestEngine.setBrowerDriver(TestEngine.java:233)
at sun.reflect.NativeMethodAccessorImpl.invoke0(Native Method)
at sun.reflect.NativeMethodAccessorImpl.invoke(NativeMethodAccessorImpl.java:62)
at sun.reflect.DelegatingMethodAccessorImpl.invoke(DelegatingMethodAccessorImpl.java:43)
at java.lang.reflect.Method.invoke(Method.java:498)
at org.testng.internal.MethodInvocationHelper.invokeMethod(MethodInvocationHelper.java:135)
at org.testng.internal.MethodInvocationHelper.invokeMethodConsideringTimeout(MethodInvocationHelper.java:64)
at org.testng.internal.ConfigInvoker.invokeConfigurationMethod(ConfigInvoker.java:364)
at org.testng.internal.ConfigInvoker.invokeConfigurations(ConfigInvoker.java:318)
at org.testng.internal.TestInvoker.runConfigMethods(TestInvoker.java:700)
at org.testng.internal.TestInvoker.invokeMethod(TestInvoker.java:527)
at org.testng.internal.TestInvoker.invokeTestMethod(TestInvoker.java:174)
at org.testng.internal.MethodRunner.runInSequence(MethodRunner.java:46)
at org.testng.internal.TestInvoker$MethodInvocationAgent.invoke(TestInvoker.java:821)
at org.testng.internal.TestInvoker.invokeTestMethods(TestInvoker.java:147)
at org.testng.internal.TestMethodWorker.invokeTestMethods(TestMethodWorker.java:146)
at org.testng.internal.TestMethodWorker.run(TestMethodWorker.java:128)
at java.util.ArrayList.forEach(ArrayList.java:1257)
at org.testng.TestRunner.privateRun(TestRunner.java:767)
at org.testng.TestRunner.run(TestRunner.java:588)
at org.testng.SuiteRunner.runTest(SuiteRunner.java:384)
at org.testng.SuiteRunner.runSequentially(SuiteRunner.java:378)
at org.testng.SuiteRunner.privateRun(SuiteRunner.java:337)
at org.testng.SuiteRunner.run(SuiteRunner.java:286)
at org.testng.SuiteRunnerWorker.runSuite(SuiteRunnerWorker.java:53)
at org.testng.SuiteRunnerWorker.run(SuiteRunnerWorker.java:96)
at org.testng.TestNG.runSuitesSequentially(TestNG.java:1214)
at org.testng.TestNG.runSuitesLocally(TestNG.java:1136)
at org.testng.TestNG.runSuites(TestNG.java:1066)
at org.testng.TestNG.run(TestNG.java:1034)
at org.testng.remote.AbstractRemoteTestNG.run(AbstractRemoteTestNG.java:115)
at org.testng.remote.RemoteTestNG.initAndRun(RemoteTestNG.java:251)
at org.testng.remote.RemoteTestNG.main(RemoteTestNG.java:77)
]]>
            </full-stacktrace>
          </exception> <!-- java.lang.NullPointerException -->
          <reporter-output>
          </reporter-output>
        </test-method> <!-- setBrowerDriver -->
        <test-method status="SKIP" signature="test()[pri:0, instance:testsuite.TestClass@365185bd]" name="test" duration-ms="0" started-at="2020-04-19T01:13:30 IST" finished-at="2020-04-19T01:13:30 IST">
          <exception class="java.lang.NullPointerException">
            <message>
              <![CDATA[null value in entry: url=null]]>
            </message>
            <full-stacktrace>
              <![CDATA[java.lang.NullPointerException: null value in entry: url=null
at com.google.common.collect.CollectPreconditions.checkEntryNotNull(CollectPreconditions.java:32)
at com.google.common.collect.SingletonImmutableBiMap.<init>(SingletonImmutableBiMap.java:42)
at com.google.common.collect.ImmutableBiMap.of(ImmutableBiMap.java:72)
at com.google.common.collect.ImmutableMap.of(ImmutableMap.java:124)
at org.openqa.selenium.remote.RemoteWebDriver.get(RemoteWebDriver.java:277)
at accelerators.TestEngine.setBrowerDriver(TestEngine.java:233)
at sun.reflect.NativeMethodAccessorImpl.invoke0(Native Method)
at sun.reflect.NativeMethodAccessorImpl.invoke(NativeMethodAccessorImpl.java:62)
at sun.reflect.DelegatingMethodAccessorImpl.invoke(DelegatingMethodAccessorImpl.java:43)
at java.lang.reflect.Method.invoke(Method.java:498)
at org.testng.internal.MethodInvocationHelper.invokeMethod(MethodInvocationHelper.java:135)
at org.testng.internal.MethodInvocationHelper.invokeMethodConsideringTimeout(MethodInvocationHelper.java:64)
at org.testng.internal.ConfigInvoker.invokeConfigurationMethod(ConfigInvoker.java:364)
at org.testng.internal.ConfigInvoker.invokeConfigurations(ConfigInvoker.java:318)
at org.testng.internal.TestInvoker.runConfigMethods(TestInvoker.java:700)
at org.testng.internal.TestInvoker.invokeMethod(TestInvoker.java:527)
at org.testng.internal.TestInvoker.invokeTestMethod(TestInvoker.java:174)
at org.testng.internal.MethodRunner.runInSequence(MethodRunner.java:46)
at org.testng.internal.TestInvoker$MethodInvocationAgent.invoke(TestInvoker.java:821)
at org.testng.internal.TestInvoker.invokeTestMethods(TestInvoker.java:147)
at org.testng.internal.TestMethodWorker.invokeTestMethods(TestMethodWorker.java:146)
at org.testng.internal.TestMethodWorker.run(TestMethodWorker.java:128)
at java.util.ArrayList.forEach(ArrayList.java:1257)
at org.testng.TestRunner.privateRun(TestRunner.java:767)
at org.testng.TestRunner.run(TestRunner.java:588)
at org.testng.SuiteRunner.runTest(SuiteRunner.java:384)
at org.testng.SuiteRunner.runSequentially(SuiteRunner.java:378)
at org.testng.SuiteRunner.privateRun(SuiteRunner.java:337)
at org.testng.SuiteRunner.run(SuiteRunner.java:286)
at org.testng.SuiteRunnerWorker.runSuite(SuiteRunnerWorker.java:53)
at org.testng.SuiteRunnerWorker.run(SuiteRunnerWorker.java:96)
at org.testng.TestNG.runSuitesSequentially(TestNG.java:1214)
at org.testng.TestNG.runSuitesLocally(TestNG.java:1136)
at org.testng.TestNG.runSuites(TestNG.java:1066)
at org.testng.TestNG.run(TestNG.java:1034)
at org.testng.remote.AbstractRemoteTestNG.run(AbstractRemoteTestNG.java:115)
at org.testng.remote.RemoteTestNG.initAndRun(RemoteTestNG.java:251)
at org.testng.remote.RemoteTestNG.main(RemoteTestNG.java:77)
]]>
            </full-stacktrace>
          </exception> <!-- java.lang.NullPointerException -->
          <reporter-output>
          </reporter-output>
        </test-method> <!-- test -->
        <test-method status="FAIL" signature="tearDownMethod()[pri:0, instance:testsuite.TestClass@365185bd]" name="tearDownMethod" is-config="true" duration-ms="273" started-at="2020-04-19T01:13:30 IST" finished-at="2020-04-19T01:13:31 IST">
          <exception class="java.lang.StackOverflowError">
            <full-stacktrace>
              <![CDATA[java.lang.StackOverflowError
at java.io.UnixFileSystem.getBooleanAttributes0(Native Method)
at java.io.UnixFileSystem.getBooleanAttributes(UnixFileSystem.java:242)
at java.io.File.exists(File.java:819)
at support.ConfiguratorSupport.getProperty(ConfiguratorSupport.java:18)
at accelerators.TestEngine.filePath(TestEngine.java:278)
at support.HtmlReportSupport.copyLogos(HtmlReportSupport.java:1427)
at accelerators.TestEngine.filePath(TestEngine.java:283)
at support.HtmlReportSupport.copyLogos(HtmlReportSupport.java:1427)
at accelerators.TestEngine.filePath(TestEngine.java:283)
at support.HtmlReportSupport.copyLogos(HtmlReportSupport.java:1427)
at accelerators.TestEngine.filePath(TestEngine.java:283)
at support.HtmlReportSupport.copyLogos(HtmlReportSupport.java:1427)
at accelerators.TestEngine.filePath(TestEngine.java:283)
at support.HtmlReportSupport.copyLogos(HtmlReportSupport.java:1427)
at accelerators.TestEngine.filePath(TestEngine.java:283)
at support.HtmlReportSupport.copyLogos(HtmlReportSupport.java:1427)
at accelerators.TestEngine.filePath(TestEngine.java:283)
at support.HtmlReportSupport.copyLogos(HtmlReportSupport.java:1427)
at accelerators.TestEngine.filePath(TestEngine.java:283)
at support.HtmlReportSupport.copyLogos(HtmlReportSupport.java:1427)
at accelerators.TestEngine.filePath(TestEngine.java:283)
at support.HtmlReportSupport.copyLogos(HtmlReportSupport.java:1427)
at accelerators.TestEngine.filePath(TestEngine.java:283)
at support.HtmlReportSupport.copyLogos(HtmlReportSupport.java:1427)
at accelerators.TestEngine.filePath(TestEngine.java:283)
at support.HtmlReportSupport.copyLogos(HtmlReportSupport.java:1427)
at accelerators.TestEngine.filePath(TestEngine.java:283)
at support.HtmlReportSupport.copyLogos(HtmlReportSupport.java:1427)
at accelerators.TestEngine.filePath(TestEngine.java:283)
at support.HtmlReportSupport.copyLogos(HtmlReportSupport.java:1427)
at accelerators.TestEngine.filePath(TestEngine.java:283)
at support.HtmlReportSupport.copyLogos(HtmlReportSupport.java:1427)
at accelerators.TestEngine.filePath(TestEngine.java:283)
at support.HtmlReportSupport.copyLogos(HtmlReportSupport.java:1427)
at accelerators.TestEngine.filePath(TestEngine.java:283)
at support.HtmlReportSupport.copyLogos(HtmlReportSupport.java:1427)
at accelerators.TestEngine.filePath(TestEngine.java:283)
at support.HtmlReportSupport.copyLogos(HtmlReportSupport.java:1427)
at accelerators.TestEngine.filePath(TestEngine.java:283)
at support.HtmlReportSupport.copyLogos(HtmlReportSupport.java:1427)
at accelerators.TestEngine.filePath(TestEngine.java:283)
at support.HtmlReportSupport.copyLogos(HtmlReportSupport.java:1427)
at accelerators.TestEngine.filePath(TestEngine.java:283)
at support.HtmlReportSupport.copyLogos(HtmlReportSupport.java:1427)
at accelerators.TestEngine.filePath(TestEngine.java:283)
at support.HtmlReportSupport.copyLogos(HtmlReportSupport.java:1427)
at accelerators.TestEngine.filePath(TestEngine.java:283)
at support.HtmlReportSupport.copyLogos(HtmlReportSupport.java:1427)
at accelerators.TestEngine.filePath(TestEngine.java:283)
at support.HtmlReportSupport.copyLogos(HtmlReportSupport.java:1427)
at accelerators.TestEngine.filePath(TestEngine.java:283)
at support.HtmlReportSupport.copyLogos(HtmlReportSupport.java:1427)
at accelerators.TestEngine.filePath(TestEngine.java:283)
at support.HtmlReportSupport.copyLogos(HtmlReportSupport.java:1427)
at accelerators.TestEngine.filePath(TestEngine.java:283)
at support.HtmlReportSupport.copyLogos(HtmlReportSupport.java:1427)
at accelerators.TestEngine.filePath(TestEngine.java:283)
at support.HtmlReportSupport.copyLogos(HtmlReportSupport.java:1427)
at accelerators.TestEngine.filePath(TestEngine.java:283)
at support.HtmlReportSupport.copyLogos(HtmlReportSupport.java:1427)
at accelerators.TestEngine.filePath(TestEngine.java:283)
at support.HtmlReportSupport.copyLogos(HtmlReportSupport.java:1427)
at accelerators.TestEngine.filePath(TestEngine.java:283)
at support.HtmlReportSupport.copyLogos(HtmlReportSupport.java:1427)
at accelerators.TestEngine.filePath(TestEngine.java:283)
at support.HtmlReportSupport.copyLogos(HtmlReportSupport.java:1427)
at accelerators.TestEngine.filePath(TestEngine.java:283)
at support.HtmlReportSupport.copyLogos(HtmlReportSupport.java:1427)
at accelerators.TestEngine.filePath(TestEngine.java:283)
at support.HtmlReportSupport.copyLogos(HtmlReportSupport.java:1427)
at accelerators.TestEngine.filePath(TestEngine.java:283)
at support.HtmlReportSupport.copyLogos(HtmlReportSupport.java:1427)
at accelerators.TestEngine.filePath(TestEngine.java:283)
at support.HtmlReportSupport.copyLogos(HtmlReportSupport.java:1427)
at accelerators.TestEngine.filePath(TestEngine.java:283)
at support.HtmlReportSupport.copyLogos(HtmlReportSupport.java:1427)
at accelerators.TestEngine.filePath(TestEngine.java:283)
at support.HtmlReportSupport.copyLogos(HtmlReportSupport.java:1427)
at accelerators.TestEngine.filePath(TestEngine.java:283)
at support.HtmlReportSupport.copyLogos(HtmlReportSupport.java:1427)
at accelerators.TestEngine.filePath(TestEngine.java:283)
at support.HtmlReportSupport.copyLogos(HtmlReportSupport.java:1427)
at accelerators.TestEngine.filePath(TestEngine.java:283)
at support.HtmlReportSupport.copyLogos(HtmlReportSupport.java:1427)
at accelerators.TestEngine.filePath(TestEngine.java:283)
at support.HtmlReportSupport.copyLogos(HtmlReportSupport.java:1427)
at accelerators.TestEngine.filePath(TestEngine.java:283)
at support.HtmlReportSupport.copyLogos(HtmlReportSupport.java:1427)
at accelerators.TestEngine.filePath(TestEngine.java:283)
at support.HtmlReportSupport.copyLogos(HtmlReportSupport.java:1427)
at accelerators.TestEngine.filePath(TestEngine.java:283)
at support.HtmlReportSupport.copyLogos(HtmlReportSupport.java:1427)
at accelerators.TestEngine.filePath(TestEngine.java:283)
at support.HtmlReportSupport.copyLogos(HtmlReportSupport.java:1427)
at accelerators.TestEngine.filePath(TestEngine.java:283)
at support.HtmlReportSupport.copyLogos(HtmlReportSupport.java:1427)
at accelerators.TestEngine.filePath(TestEngine.java:283)
at support.HtmlReportSupport.copyLogos(HtmlReportSupport.java:1427)
at accelerators.TestEngine.filePath(TestEngine.java:283)
at support.HtmlReportSupport.copyLogos(HtmlReportSupport.java:1427)
at accelerators.TestEngine.filePath(TestEngine.java:283)
at support.HtmlReportSupport.copyLogos(HtmlReportSupport.java:1427)
at accelerators.TestEngine.filePath(TestEngine.java:283)
at support.HtmlReportSupport.copyLogos(HtmlReportSupport.java:1427)
at accelerators.TestEngine.filePath(TestEngine.java:283)
at support.HtmlReportSupport.copyLogos(HtmlReportSupport.java:1427)
at accelerators.TestEngine.filePath(TestEngine.java:283)
at support.HtmlReportSupport.copyLogos(HtmlReportSupport.java:1427)
at accelerators.TestEngine.filePath(TestEngine.java:283)
at support.HtmlReportSupport.copyLogos(HtmlReportSupport.java:1427)
at accelerators.TestEngine.filePath(TestEngine.java:283)
at support.HtmlReportSupport.copyLogos(HtmlReportSupport.java:1427)
at accelerators.TestEngine.filePath(TestEngine.java:283)
at support.HtmlReportSupport.copyLogos(HtmlReportSupport.java:1427)
at accelerators.TestEngine.filePath(TestEngine.java:283)
at support.HtmlReportSupport.copyLogos(HtmlReportSupport.java:1427)
at accelerators.TestEngine.filePath(TestEngine.java:283)
at support.HtmlReportSupport.copyLogos(HtmlReportSupport.java:1427)
at accelerators.TestEngine.filePath(TestEngine.java:283)
at support.HtmlReportSupport.copyLogos(HtmlReportSupport.java:1427)
at accelerators.TestEngine.filePath(TestEngine.java:283)
at support.HtmlReportSupport.copyLogos(HtmlReportSupport.java:1427)
at accelerators.TestEngine.filePath(TestEngine.java:283)
at support.HtmlReportSupport.copyLogos(HtmlReportSupport.java:1427)
at accelerators.TestEngine.filePath(TestEngine.java:283)
at support.HtmlReportSupport.copyLogos(HtmlReportSupport.java:1427)
at accelerators.TestEngine.filePath(TestEngine.java:283)
at support.HtmlReportSupport.copyLogos(HtmlReportSupport.java:1427)
at accelerators.TestEngine.filePath(TestEngine.java:283)
at support.HtmlReportSupport.copyLogos(HtmlReportSupport.java:1427)
at accelerators.TestEngine.filePath(TestEngine.java:283)
at support.HtmlReportSupport.copyLogos(HtmlReportSupport.java:1427)
at accelerators.TestEngine.filePath(TestEngine.java:283)
at support.HtmlReportSupport.copyLogos(HtmlReportSupport.java:1427)
at accelerators.TestEngine.filePath(TestEngine.java:283)
at support.HtmlReportSupport.copyLogos(HtmlReportSupport.java:1427)
at accelerators.TestEngine.filePath(TestEngine.java:283)
at support.HtmlReportSupport.copyLogos(HtmlReportSupport.java:1427)
at accelerators.TestEngine.filePath(TestEngine.java:283)
at support.HtmlReportSupport.copyLogos(HtmlReportSupport.java:1427)
at accelerators.TestEngine.filePath(TestEngine.java:283)
at support.HtmlReportSupport.copyLogos(HtmlReportSupport.java:1427)
at accelerators.TestEngine.filePath(TestEngine.java:283)
at support.HtmlReportSupport.copyLogos(HtmlReportSupport.java:1427)
at accelerators.TestEngine.filePath(TestEngine.java:283)
at support.HtmlReportSupport.copyLogos(HtmlReportSupport.java:1427)
at accelerators.TestEngine.filePath(TestEngine.java:283)
at support.HtmlReportSupport.copyLogos(HtmlReportSupport.java:1427)
at accelerators.TestEngine.filePath(TestEngine.java:283)
at support.HtmlReportSupport.copyLogos(HtmlReportSupport.java:1427)
at accelerators.TestEngine.filePath(TestEngine.java:283)
at support.HtmlReportSupport.copyLogos(HtmlReportSupport.java:1427)
at accelerators.TestEngine.filePath(TestEngine.java:283)
at support.HtmlReportSupport.copyLogos(HtmlReportSupport.java:1427)
at accelerators.TestEngine.filePath(TestEngine.java:283)
at support.HtmlReportSupport.copyLogos(HtmlReportSupport.java:1427)
at accelerators.TestEngine.filePath(TestEngine.java:283)
at support.HtmlReportSupport.copyLogos(HtmlReportSupport.java:1427)
at accelerators.TestEngine.filePath(TestEngine.java:283)
at support.HtmlReportSupport.copyLogos(HtmlReportSupport.java:1427)
at accelerators.TestEngine.filePath(TestEngine.java:283)
at support.HtmlReportSupport.copyLogos(HtmlReportSupport.java:1427)
at accelerators.TestEngine.filePath(TestEngine.java:283)
at support.HtmlReportSupport.copyLogos(HtmlReportSupport.java:1427)
at accelerators.TestEngine.filePath(TestEngine.java:283)
at support.HtmlReportSupport.copyLogos(HtmlReportSupport.java:1427)
at accelerators.TestEngine.filePath(TestEngine.java:283)
at support.HtmlReportSupport.copyLogos(HtmlReportSupport.java:1427)
at accelerators.TestEngine.filePath(TestEngine.java:283)
at support.HtmlReportSupport.copyLogos(HtmlReportSupport.java:1427)
at accelerators.TestEngine.filePath(TestEngine.java:283)
at support.HtmlReportSupport.copyLogos(HtmlReportSupport.java:1427)
at accelerators.TestEngine.filePath(TestEngine.java:283)
at support.HtmlReportSupport.copyLogos(HtmlReportSupport.java:1427)
at accelerators.TestEngine.filePath(TestEngine.java:283)
at support.HtmlReportSupport.copyLogos(HtmlReportSupport.java:1427)
at accelerators.TestEngine.filePath(TestEngine.java:283)
at support.HtmlReportSupport.copyLogos(HtmlReportSupport.java:1427)
at accelerators.TestEngine.filePath(TestEngine.java:283)
at support.HtmlReportSupport.copyLogos(HtmlReportSupport.java:1427)
at accelerators.TestEngine.filePath(TestEngine.java:283)
at support.HtmlReportSupport.copyLogos(HtmlReportSupport.java:1427)
at accelerators.TestEngine.filePath(TestEngine.java:283)
at support.HtmlReportSupport.copyLogos(HtmlReportSupport.java:1427)
at accelerators.TestEngine.filePath(TestEngine.java:283)
at support.HtmlReportSupport.copyLogos(HtmlReportSupport.java:1427)
at accelerators.TestEngine.filePath(TestEngine.java:283)
at support.HtmlReportSupport.copyLogos(HtmlReportSupport.java:1427)
at accelerators.TestEngine.filePath(TestEngine.java:283)
at support.HtmlReportSupport.copyLogos(HtmlReportSupport.java:1427)
at accelerators.TestEngine.filePath(TestEngine.java:283)
at support.HtmlReportSupport.copyLogos(HtmlReportSupport.java:1427)
at accelerators.TestEngine.filePath(TestEngine.java:283)
at support.HtmlReportSupport.copyLogos(HtmlReportSupport.java:1427)
at accelerators.TestEngine.filePath(TestEngine.java:283)
at support.HtmlReportSupport.copyLogos(HtmlReportSupport.java:1427)
at accelerators.TestEngine.filePath(TestEngine.java:283)
at support.HtmlReportSupport.copyLogos(HtmlReportSupport.java:1427)
at accelerators.TestEngine.filePath(TestEngine.java:283)
at support.HtmlReportSupport.copyLogos(HtmlReportSupport.java:1427)
at accelerators.TestEngine.filePath(TestEngine.java:283)
at support.HtmlReportSupport.copyLogos(HtmlReportSupport.java:1427)
at accelerators.TestEngine.filePath(TestEngine.java:283)
at support.HtmlReportSupport.copyLogos(HtmlReportSupport.java:1427)
at accelerators.TestEngine.filePath(TestEngine.java:283)
at support.HtmlReportSupport.copyLogos(HtmlReportSupport.java:1427)
at accelerators.TestEngine.filePath(TestEngine.java:283)
at support.HtmlReportSupport.copyLogos(HtmlReportSupport.java:1427)
at accelerators.TestEngine.filePath(TestEngine.java:283)
at support.HtmlReportSupport.copyLogos(HtmlReportSupport.java:1427)
at accelerators.TestEngine.filePath(TestEngine.java:283)
at support.HtmlReportSupport.copyLogos(HtmlReportSupport.java:1427)
at accelerators.TestEngine.filePath(TestEngine.java:283)
at support.HtmlReportSupport.copyLogos(HtmlReportSupport.java:1427)
at accelerators.TestEngine.filePath(TestEngine.java:283)
at support.HtmlReportSupport.copyLogos(HtmlReportSupport.java:1427)
at accelerators.TestEngine.filePath(TestEngine.java:283)
at support.HtmlReportSupport.copyLogos(HtmlReportSupport.java:1427)
at accelerators.TestEngine.filePath(TestEngine.java:283)
at support.HtmlReportSupport.copyLogos(HtmlReportSupport.java:1427)
at accelerators.TestEngine.filePath(TestEngine.java:283)
at support.HtmlReportSupport.copyLogos(HtmlReportSupport.java:1427)
at accelerators.TestEngine.filePath(TestEngine.java:283)
at support.HtmlReportSupport.copyLogos(HtmlReportSupport.java:1427)
at accelerators.TestEngine.filePath(TestEngine.java:283)
at support.HtmlReportSupport.copyLogos(HtmlReportSupport.java:1427)
at accelerators.TestEngine.filePath(TestEngine.java:283)
at support.HtmlReportSupport.copyLogos(HtmlReportSupport.java:1427)
at accelerators.TestEngine.filePath(TestEngine.java:283)
at support.HtmlReportSupport.copyLogos(HtmlReportSupport.java:1427)
at accelerators.TestEngine.filePath(TestEngine.java:283)
at support.HtmlReportSupport.copyLogos(HtmlReportSupport.java:1427)
at accelerators.TestEngine.filePath(TestEngine.java:283)
at support.HtmlReportSupport.copyLogos(HtmlReportSupport.java:1427)
at accelerators.TestEngine.filePath(TestEngine.java:283)
at support.HtmlReportSupport.copyLogos(HtmlReportSupport.java:1427)
at accelerators.TestEngine.filePath(TestEngine.java:283)
at support.HtmlReportSupport.copyLogos(HtmlReportSupport.java:1427)
at accelerators.TestEngine.filePath(TestEngine.java:283)
at support.HtmlReportSupport.copyLogos(HtmlReportSupport.java:1427)
at accelerators.TestEngine.filePath(TestEngine.java:283)
at support.HtmlReportSupport.copyLogos(HtmlReportSupport.java:1427)
at accelerators.TestEngine.filePath(TestEngine.java:283)
at support.HtmlReportSupport.copyLogos(HtmlReportSupport.java:1427)
at accelerators.TestEngine.filePath(TestEngine.java:283)
at support.HtmlReportSupport.copyLogos(HtmlReportSupport.java:1427)
at accelerators.TestEngine.filePath(TestEngine.java:283)
at support.HtmlReportSupport.copyLogos(HtmlReportSupport.java:1427)
at accelerators.TestEngine.filePath(TestEngine.java:283)
at support.HtmlReportSupport.copyLogos(HtmlReportSupport.java:1427)
at accelerators.TestEngine.filePath(TestEngine.java:283)
at support.HtmlReportSupport.copyLogos(HtmlReportSupport.java:1427)
at accelerators.TestEngine.filePath(TestEngine.java:283)
at support.HtmlReportSupport.copyLogos(HtmlReportSupport.java:1427)
at accelerators.TestEngine.filePath(TestEngine.java:283)
at support.HtmlReportSupport.copyLogos(HtmlReportSupport.java:1427)
at accelerators.TestEngine.filePath(TestEngine.java:283)
at support.HtmlReportSupport.copyLogos(HtmlReportSupport.java:1427)
at accelerators.TestEngine.filePath(TestEngine.java:283)
at support.HtmlReportSupport.copyLogos(HtmlReportSupport.java:1427)
at accelerators.TestEngine.filePath(TestEngine.java:283)
at support.HtmlReportSupport.copyLogos(HtmlReportSupport.java:1427)
at accelerators.TestEngine.filePath(TestEngine.java:283)
at support.HtmlReportSupport.copyLogos(HtmlReportSupport.java:1427)
at accelerators.TestEngine.filePath(TestEngine.java:283)
at support.HtmlReportSupport.copyLogos(HtmlReportSupport.java:1427)
at accelerators.TestEngine.filePath(TestEngine.java:283)
at support.HtmlReportSupport.copyLogos(HtmlReportSupport.java:1427)
at accelerators.TestEngine.filePath(TestEngine.java:283)
at support.HtmlReportSupport.copyLogos(HtmlReportSupport.java:1427)
at accelerators.TestEngine.filePath(TestEngine.java:283)
at support.HtmlReportSupport.copyLogos(HtmlReportSupport.java:1427)
at accelerators.TestEngine.filePath(TestEngine.java:283)
at support.HtmlReportSupport.copyLogos(HtmlReportSupport.java:1427)
at accelerators.TestEngine.filePath(TestEngine.java:283)
at support.HtmlReportSupport.copyLogos(HtmlReportSupport.java:1427)
at accelerators.TestEngine.filePath(TestEngine.java:283)
at support.HtmlReportSupport.copyLogos(HtmlReportSupport.java:1427)
at accelerators.TestEngine.filePath(TestEngine.java:283)
at support.HtmlReportSupport.copyLogos(HtmlReportSupport.java:1427)
at accelerators.TestEngine.filePath(TestEngine.java:283)
at support.HtmlReportSupport.copyLogos(HtmlReportSupport.java:1427)
at accelerators.TestEngine.filePath(TestEngine.java:283)
at support.HtmlReportSupport.copyLogos(HtmlReportSupport.java:1427)
at accelerators.TestEngine.filePath(TestEngine.java:283)
at support.HtmlReportSupport.copyLogos(HtmlReportSupport.java:1427)
at accelerators.TestEngine.filePath(TestEngine.java:283)
at support.HtmlReportSupport.copyLogos(HtmlReportSupport.java:1427)
at accelerators.TestEngine.filePath(TestEngine.java:283)
at support.HtmlReportSupport.copyLogos(HtmlReportSupport.java:1427)
at accelerators.TestEngine.filePath(TestEngine.java:283)
at support.HtmlReportSupport.copyLogos(HtmlReportSupport.java:1427)
at accelerators.TestEngine.filePath(TestEngine.java:283)
at support.HtmlReportSupport.copyLogos(HtmlReportSupport.java:1427)
at accelerators.TestEngine.filePath(TestEngine.java:283)
at support.HtmlReportSupport.copyLogos(HtmlReportSupport.java:1427)
at accelerators.TestEngine.filePath(TestEngine.java:283)
at support.HtmlReportSupport.copyLogos(HtmlReportSupport.java:1427)
at accelerators.TestEngine.filePath(TestEngine.java:283)
at support.HtmlReportSupport.copyLogos(HtmlReportSupport.java:1427)
at accelerators.TestEngine.filePath(TestEngine.java:283)
at support.HtmlReportSupport.copyLogos(HtmlReportSupport.java:1427)
at accelerators.TestEngine.filePath(TestEngine.java:283)
at support.HtmlReportSupport.copyLogos(HtmlReportSupport.java:1427)
at accelerators.TestEngine.filePath(TestEngine.java:283)
at support.HtmlReportSupport.copyLogos(HtmlReportSupport.java:1427)
at accelerators.TestEngine.filePath(TestEngine.java:283)
at support.HtmlReportSupport.copyLogos(HtmlReportSupport.java:1427)
at accelerators.TestEngine.filePath(TestEngine.java:283)
at support.HtmlReportSupport.copyLogos(HtmlReportSupport.java:1427)
at accelerators.TestEngine.filePath(TestEngine.java:283)
at support.HtmlReportSupport.copyLogos(HtmlReportSupport.java:1427)
at accelerators.TestEngine.filePath(TestEngine.java:283)
at support.HtmlReportSupport.copyLogos(HtmlReportSupport.java:1427)
at accelerators.TestEngine.filePath(TestEngine.java:283)
at support.HtmlReportSupport.copyLogos(HtmlReportSupport.java:1427)
at accelerators.TestEngine.filePath(TestEngine.java:283)
at support.HtmlReportSupport.copyLogos(HtmlReportSupport.java:1427)
at accelerators.TestEngine.filePath(TestEngine.java:283)
at support.HtmlReportSupport.copyLogos(HtmlReportSupport.java:1427)
at accelerators.TestEngine.filePath(TestEngine.java:283)
at support.HtmlReportSupport.copyLogos(HtmlReportSupport.java:1427)
at accelerators.TestEngine.filePath(TestEngine.java:283)
at support.HtmlReportSupport.copyLogos(HtmlReportSupport.java:1427)
at accelerators.TestEngine.filePath(TestEngine.java:283)
at support.HtmlReportSupport.copyLogos(HtmlReportSupport.java:1427)
at accelerators.TestEngine.filePath(TestEngine.java:283)
at support.HtmlReportSupport.copyLogos(HtmlReportSupport.java:1427)
at accelerators.TestEngine.filePath(TestEngine.java:283)
at support.HtmlReportSupport.copyLogos(HtmlReportSupport.java:1427)
at accelerators.TestEngine.filePath(TestEngine.java:283)
at support.HtmlReportSupport.copyLogos(HtmlReportSupport.java:1427)
at accelerators.TestEngine.filePath(TestEngine.java:283)
at support.HtmlReportSupport.copyLogos(HtmlReportSupport.java:1427)
at accelerators.TestEngine.filePath(TestEngine.java:283)
at support.HtmlReportSupport.copyLogos(HtmlReportSupport.java:1427)
at accelerators.TestEngine.filePath(TestEngine.java:283)
at support.HtmlReportSupport.copyLogos(HtmlReportSupport.java:1427)
at accelerators.TestEngine.filePath(TestEngine.java:283)
at support.HtmlReportSupport.copyLogos(HtmlReportSupport.java:1427)
at accelerators.TestEngine.filePath(TestEngine.java:283)
at support.HtmlReportSupport.copyLogos(HtmlReportSupport.java:1427)
at accelerators.TestEngine.filePath(TestEngine.java:283)
at support.HtmlReportSupport.copyLogos(HtmlReportSupport.java:1427)
at accelerators.TestEngine.filePath(TestEngine.java:283)
at support.HtmlReportSupport.copyLogos(HtmlReportSupport.java:1427)
at accelerators.TestEngine.filePath(TestEngine.java:283)
at support.HtmlReportSupport.copyLogos(HtmlReportSupport.java:1427)
at accelerators.TestEngine.filePath(TestEngine.java:283)
at support.HtmlReportSupport.copyLogos(HtmlReportSupport.java:1427)
at accelerators.TestEngine.filePath(TestEngine.java:283)
at support.HtmlReportSupport.copyLogos(HtmlReportSupport.java:1427)
at accelerators.TestEngine.filePath(TestEngine.java:283)
at support.HtmlReportSupport.copyLogos(HtmlReportSupport.java:1427)
at accelerators.TestEngine.filePath(TestEngine.java:283)
at support.HtmlReportSupport.copyLogos(HtmlReportSupport.java:1427)
at accelerators.TestEngine.filePath(TestEngine.java:283)
at support.HtmlReportSupport.copyLogos(HtmlReportSupport.java:1427)
at accelerators.TestEngine.filePath(TestEngine.java:283)
at support.HtmlReportSupport.copyLogos(HtmlReportSupport.java:1427)
at accelerators.TestEngine.filePath(TestEngine.java:283)
at support.HtmlReportSupport.copyLogos(HtmlReportSupport.java:1427)
at accelerators.TestEngine.filePath(TestEngine.java:283)
at support.HtmlReportSupport.copyLogos(HtmlReportSupport.java:1427)
at accelerators.TestEngine.filePath(TestEngine.java:283)
at support.HtmlReportSupport.copyLogos(HtmlReportSupport.java:1427)
at accelerators.TestEngine.filePath(TestEngine.java:283)
at support.HtmlReportSupport.copyLogos(HtmlReportSupport.java:1427)
at accelerators.TestEngine.filePath(TestEngine.java:283)
at support.HtmlReportSupport.copyLogos(HtmlReportSupport.java:1427)
at accelerators.TestEngine.filePath(TestEngine.java:283)
at support.HtmlReportSupport.copyLogos(HtmlReportSupport.java:1427)
at accelerators.TestEngine.filePath(TestEngine.java:283)
at support.HtmlReportSupport.copyLogos(HtmlReportSupport.java:1427)
at accelerators.TestEngine.filePath(TestEngine.java:283)
at support.HtmlReportSupport.copyLogos(HtmlReportSupport.java:1427)
at accelerators.TestEngine.filePath(TestEngine.java:283)
at support.HtmlReportSupport.copyLogos(HtmlReportSupport.java:1427)
at accelerators.TestEngine.filePath(TestEngine.java:283)
at support.HtmlReportSupport.copyLogos(HtmlReportSupport.java:1427)
at accelerators.TestEngine.filePath(TestEngine.java:283)
at support.HtmlReportSupport.copyLogos(HtmlReportSupport.java:1427)
at accelerators.TestEngine.filePath(TestEngine.java:283)
at support.HtmlReportSupport.copyLogos(HtmlReportSupport.java:1427)
at accelerators.TestEngine.filePath(TestEngine.java:283)
at support.HtmlReportSupport.copyLogos(HtmlReportSupport.java:1427)
at accelerators.TestEngine.filePath(TestEngine.java:283)
at support.HtmlReportSupport.copyLogos(HtmlReportSupport.java:1427)
at accelerators.TestEngine.filePath(TestEngine.java:283)
at support.HtmlReportSupport.copyLogos(HtmlReportSupport.java:1427)
at accelerators.TestEngine.filePath(TestEngine.java:283)
at support.HtmlReportSupport.copyLogos(HtmlReportSupport.java:1427)
at accelerators.TestEngine.filePath(TestEngine.java:283)
at support.HtmlReportSupport.copyLogos(HtmlReportSupport.java:1427)
at accelerators.TestEngine.filePath(TestEngine.java:283)
at support.HtmlReportSupport.copyLogos(HtmlReportSupport.java:1427)
at accelerators.TestEngine.filePath(TestEngine.java:283)
at support.HtmlReportSupport.copyLogos(HtmlReportSupport.java:1427)
at accelerators.TestEngine.filePath(TestEngine.java:283)
at support.HtmlReportSupport.copyLogos(HtmlReportSupport.java:1427)
at accelerators.TestEngine.filePath(TestEngine.java:283)
at support.HtmlReportSupport.copyLogos(HtmlReportSupport.java:1427)
at accelerators.TestEngine.filePath(TestEngine.java:283)
at support.HtmlReportSupport.copyLogos(HtmlReportSupport.java:1427)
at accelerators.TestEngine.filePath(TestEngine.java:283)
at support.HtmlReportSupport.copyLogos(HtmlReportSupport.java:1427)
at accelerators.TestEngine.filePath(TestEngine.java:283)
at support.HtmlReportSupport.copyLogos(HtmlReportSupport.java:1427)
at accelerators.TestEngine.filePath(TestEngine.java:283)
at support.HtmlReportSupport.copyLogos(HtmlReportSupport.java:1427)
at accelerators.TestEngine.filePath(TestEngine.java:283)
at support.HtmlReportSupport.copyLogos(HtmlReportSupport.java:1427)
at accelerators.TestEngine.filePath(TestEngine.java:283)
at support.HtmlReportSupport.copyLogos(HtmlReportSupport.java:1427)
at accelerators.TestEngine.filePath(TestEngine.java:283)
at support.HtmlReportSupport.copyLogos(HtmlReportSupport.java:1427)
at accelerators.TestEngine.filePath(TestEngine.java:283)
at support.HtmlReportSupport.copyLogos(HtmlReportSupport.java:1427)
at accelerators.TestEngine.filePath(TestEngine.java:283)
at support.HtmlReportSupport.copyLogos(HtmlReportSupport.java:1427)
at accelerators.TestEngine.filePath(TestEngine.java:283)
at support.HtmlReportSupport.copyLogos(HtmlReportSupport.java:1427)
at accelerators.TestEngine.filePath(TestEngine.java:283)
at support.HtmlReportSupport.copyLogos(HtmlReportSupport.java:1427)
at accelerators.TestEngine.filePath(TestEngine.java:283)
at support.HtmlReportSupport.copyLogos(HtmlReportSupport.java:1427)
at accelerators.TestEngine.filePath(TestEngine.java:283)
at support.HtmlReportSupport.copyLogos(HtmlReportSupport.java:1427)
at accelerators.TestEngine.filePath(TestEngine.java:283)
at support.HtmlReportSupport.copyLogos(HtmlReportSupport.java:1427)
at accelerators.TestEngine.filePath(TestEngine.java:283)
at support.HtmlReportSupport.copyLogos(HtmlReportSupport.java:1427)
at accelerators.TestEngine.filePath(TestEngine.java:283)
at support.HtmlReportSupport.copyLogos(HtmlReportSupport.java:1427)
at accelerators.TestEngine.filePath(TestEngine.java:283)
at support.HtmlReportSupport.copyLogos(HtmlReportSupport.java:1427)
at accelerators.TestEngine.filePath(TestEngine.java:283)
at support.HtmlReportSupport.copyLogos(HtmlReportSupport.java:1427)
at accelerators.TestEngine.filePath(TestEngine.java:283)
at support.HtmlReportSupport.copyLogos(HtmlReportSupport.java:1427)
at accelerators.TestEngine.filePath(TestEngine.java:283)
at support.HtmlReportSupport.copyLogos(HtmlReportSupport.java:1427)
at accelerators.TestEngine.filePath(TestEngine.java:283)
at support.HtmlReportSupport.copyLogos(HtmlReportSupport.java:1427)
at accelerators.TestEngine.filePath(TestEngine.java:283)
at support.HtmlReportSupport.copyLogos(HtmlReportSupport.java:1427)
at accelerators.TestEngine.filePath(TestEngine.java:283)
at support.HtmlReportSupport.copyLogos(HtmlReportSupport.java:1427)
at accelerators.TestEngine.filePath(TestEngine.java:283)
at support.HtmlReportSupport.copyLogos(HtmlReportSupport.java:1427)
at accelerators.TestEngine.filePath(TestEngine.java:283)
at support.HtmlReportSupport.copyLogos(HtmlReportSupport.java:1427)
at accelerators.TestEngine.filePath(TestEngine.java:283)
at support.HtmlReportSupport.copyLogos(HtmlReportSupport.java:1427)
at accelerators.TestEngine.filePath(TestEngine.java:283)
at support.HtmlReportSupport.copyLogos(HtmlReportSupport.java:1427)
at accelerators.TestEngine.filePath(TestEngine.java:283)
at support.HtmlReportSupport.copyLogos(HtmlReportSupport.java:1427)
at accelerators.TestEngine.filePath(TestEngine.java:283)
at support.HtmlReportSupport.copyLogos(HtmlReportSupport.java:1427)
at accelerators.TestEngine.filePath(TestEngine.java:283)
at support.HtmlReportSupport.copyLogos(HtmlReportSupport.java:1427)
at accelerators.TestEngine.filePath(TestEngine.java:283)
at support.HtmlReportSupport.copyLogos(HtmlReportSupport.java:1427)
at accelerators.TestEngine.filePath(TestEngine.java:283)
at support.HtmlReportSupport.copyLogos(HtmlReportSupport.java:1427)
at accelerators.TestEngine.filePath(TestEngine.java:283)
at support.HtmlReportSupport.copyLogos(HtmlReportSupport.java:1427)
at accelerators.TestEngine.filePath(TestEngine.java:283)
at support.HtmlReportSupport.copyLogos(HtmlReportSupport.java:1427)
at accelerators.TestEngine.filePath(TestEngine.java:283)
at support.HtmlReportSupport.copyLogos(HtmlReportSupport.java:1427)
at accelerators.TestEngine.filePath(TestEngine.java:283)
at support.HtmlReportSupport.copyLogos(HtmlReportSupport.java:1427)
at accelerators.TestEngine.filePath(TestEngine.java:283)
at support.HtmlReportSupport.copyLogos(HtmlReportSupport.java:1427)
at accelerators.TestEngine.filePath(TestEngine.java:283)
at support.HtmlReportSupport.copyLogos(HtmlReportSupport.java:1427)
at accelerators.TestEngine.filePath(TestEngine.java:283)
at support.HtmlReportSupport.copyLogos(HtmlReportSupport.java:1427)
at accelerators.TestEngine.filePath(TestEngine.java:283)
at support.HtmlReportSupport.copyLogos(HtmlReportSupport.java:1427)
at accelerators.TestEngine.filePath(TestEngine.java:283)
at support.HtmlReportSupport.copyLogos(HtmlReportSupport.java:1427)
at accelerators.TestEngine.filePath(TestEngine.java:283)
at support.HtmlReportSupport.copyLogos(HtmlReportSupport.java:1427)
at accelerators.TestEngine.filePath(TestEngine.java:283)
at support.HtmlReportSupport.copyLogos(HtmlReportSupport.java:1427)
at accelerators.TestEngine.filePath(TestEngine.java:283)
at support.HtmlReportSupport.copyLogos(HtmlReportSupport.java:1427)
at accelerators.TestEngine.filePath(TestEngine.java:283)
at support.HtmlReportSupport.copyLogos(HtmlReportSupport.java:1427)
at accelerators.TestEngine.filePath(TestEngine.java:283)
at support.HtmlReportSupport.copyLogos(HtmlReportSupport.java:1427)
at accelerators.TestEngine.filePath(TestEngine.java:283)
at support.HtmlReportSupport.copyLogos(HtmlReportSupport.java:1427)
at accelerators.TestEngine.filePath(TestEngine.java:283)
at support.HtmlReportSupport.copyLogos(HtmlReportSupport.java:1427)
at accelerators.TestEngine.filePath(TestEngine.java:283)
at support.HtmlReportSupport.copyLogos(HtmlReportSupport.java:1427)
at accelerators.TestEngine.filePath(TestEngine.java:283)
at support.HtmlReportSupport.copyLogos(HtmlReportSupport.java:1427)
at accelerators.TestEngine.filePath(TestEngine.java:283)
at support.HtmlReportSupport.copyLogos(HtmlReportSupport.java:1427)
at accelerators.TestEngine.filePath(TestEngine.java:283)
at support.HtmlReportSupport.copyLogos(HtmlReportSupport.java:1427)
at accelerators.TestEngine.filePath(TestEngine.java:283)
at support.HtmlReportSupport.copyLogos(HtmlReportSupport.java:1427)
at accelerators.TestEngine.filePath(TestEngine.java:283)
at support.HtmlReportSupport.copyLogos(HtmlReportSupport.java:1427)
at accelerators.TestEngine.filePath(TestEngine.java:283)
at support.HtmlReportSupport.copyLogos(HtmlReportSupport.java:1427)
at accelerators.TestEngine.filePath(TestEngine.java:283)
at support.HtmlReportSupport.copyLogos(HtmlReportSupport.java:1427)
at accelerators.TestEngine.filePath(TestEngine.java:283)
at support.HtmlReportSupport.copyLogos(HtmlReportSupport.java:1427)
at accelerators.TestEngine.filePath(TestEngine.java:283)
at support.HtmlReportSupport.copyLogos(HtmlReportSupport.java:1427)
at accelerators.TestEngine.filePath(TestEngine.java:283)
at support.HtmlReportSupport.copyLogos(HtmlReportSupport.java:1427)
at accelerators.TestEngine.filePath(TestEngine.java:283)
at support.HtmlReportSupport.copyLogos(HtmlReportSupport.java:1427)
at accelerators.TestEngine.filePath(TestEngine.java:283)
at support.HtmlReportSupport.copyLogos(HtmlReportSupport.java:1427)
at accelerators.TestEngine.filePath(TestEngine.java:283)
at support.HtmlReportSupport.copyLogos(HtmlReportSupport.java:1427)
at accelerators.TestEngine.filePath(TestEngine.java:283)
at support.HtmlReportSupport.copyLogos(HtmlReportSupport.java:1427)
at accelerators.TestEngine.filePath(TestEngine.java:283)
at support.HtmlReportSupport.copyLogos(HtmlReportSupport.java:1427)
at accelerators.TestEngine.filePath(TestEngine.java:283)
at support.HtmlReportSupport.copyLogos(HtmlReportSupport.java:1427)
at accelerators.TestEngine.filePath(TestEngine.java:283)
at support.HtmlReportSupport.copyLogos(HtmlReportSupport.java:1427)
at accelerators.TestEngine.filePath(TestEngine.java:283)
at support.HtmlReportSupport.copyLogos(HtmlReportSupport.java:1427)
at accelerators.TestEngine.filePath(TestEngine.java:283)
at support.HtmlReportSupport.copyLogos(HtmlReportSupport.java:1427)
at accelerators.TestEngine.filePath(TestEngine.java:283)
at support.HtmlReportSupport.copyLogos(HtmlReportSupport.java:1427)
at accelerators.TestEngine.filePath(TestEngine.java:283)
at support.HtmlReportSupport.copyLogos(HtmlReportSupport.java:1427)
at accelerators.TestEngine.filePath(TestEngine.java:283)
at support.HtmlReportSupport.copyLogos(HtmlReportSupport.java:1427)
at accelerators.TestEngine.filePath(TestEngine.java:283)
at support.HtmlReportSupport.copyLogos(HtmlReportSupport.java:1427)
at accelerators.TestEngine.filePath(TestEngine.java:283)
at support.HtmlReportSupport.copyLogos(HtmlReportSupport.java:1427)
at accelerators.TestEngine.filePath(TestEngine.java:283)
at support.HtmlReportSupport.copyLogos(HtmlReportSupport.java:1427)
at accelerators.TestEngine.filePath(TestEngine.java:283)
at support.HtmlReportSupport.copyLogos(HtmlReportSupport.java:1427)
at accelerators.TestEngine.filePath(TestEngine.java:283)
at support.HtmlReportSupport.copyLogos(HtmlReportSupport.java:1427)
at accelerators.TestEngine.filePath(TestEngine.java:283)
at support.HtmlReportSupport.copyLogos(HtmlReportSupport.java:1427)
at accelerators.TestEngine.filePath(TestEngine.java:283)
at support.HtmlReportSupport.copyLogos(HtmlReportSupport.java:1427)
at accelerators.TestEngine.filePath(TestEngine.java:283)
at support.HtmlReportSupport.copyLogos(HtmlReportSupport.java:1427)
at accelerators.TestEngine.filePath(TestEngine.java:283)
at support.HtmlReportSupport.copyLogos(HtmlReportSupport.java:1427)
at accelerators.TestEngine.filePath(TestEngine.java:283)
at support.HtmlReportSupport.copyLogos(HtmlReportSupport.java:1427)
at accelerators.TestEngine.filePath(TestEngine.java:283)
at support.HtmlReportSupport.copyLogos(HtmlReportSupport.java:1427)
at accelerators.TestEngine.filePath(TestEngine.java:283)
at support.HtmlReportSupport.copyLogos(HtmlReportSupport.java:1427)
at accelerators.TestEngine.filePath(TestEngine.java:283)
at support.HtmlReportSupport.copyLogos(HtmlReportSupport.java:1427)
at accelerators.TestEngine.filePath(TestEngine.java:283)
at support.HtmlReportSupport.copyLogos(HtmlReportSupport.java:1427)
at accelerators.TestEngine.filePath(TestEngine.java:283)
at support.HtmlReportSupport.copyLogos(HtmlReportSupport.java:1427)
at accelerators.TestEngine.filePath(TestEngine.java:283)
at support.HtmlReportSupport.copyLogos(HtmlReportSupport.java:1427)
at accelerators.TestEngine.filePath(TestEngine.java:283)
at support.HtmlReportSupport.copyLogos(HtmlReportSupport.java:1427)
at accelerators.TestEngine.filePath(TestEngine.java:283)
at support.HtmlReportSupport.copyLogos(HtmlReportSupport.java:1427)
at accelerators.TestEngine.filePath(TestEngine.java:283)
at support.HtmlReportSupport.copyLogos(HtmlReportSupport.java:1427)
at accelerators.TestEngine.filePath(TestEngine.java:283)
at support.HtmlReportSupport.copyLogos(HtmlReportSupport.java:1427)
at accelerators.TestEngine.filePath(TestEngine.java:283)
at support.HtmlReportSupport.copyLogos(HtmlReportSupport.java:1427)
at accelerators.TestEngine.filePath(TestEngine.java:283)
at support.HtmlReportSupport.copyLogos(HtmlReportSupport.java:1427)
at accelerators.TestEngine.filePath(TestEngine.java:283)
at support.HtmlReportSupport.copyLogos(HtmlReportSupport.java:1427)
at accelerators.TestEngine.filePath(TestEngine.java:283)
at support.HtmlReportSupport.copyLogos(HtmlReportSupport.java:1427)
at accelerators.TestEngine.filePath(TestEngine.java:283)
at support.HtmlReportSupport.copyLogos(HtmlReportSupport.java:1427)
at accelerators.TestEngine.filePath(TestEngine.java:283)
at support.HtmlReportSupport.copyLogos(HtmlReportSupport.java:1427)
at accelerators.TestEngine.filePath(TestEngine.java:283)
at support.HtmlReportSupport.copyLogos(HtmlReportSupport.java:1427)
at accelerators.TestEngine.filePath(TestEngine.java:283)
at support.HtmlReportSupport.copyLogos(HtmlReportSupport.java:1427)
at accelerators.TestEngine.filePath(TestEngine.java:283)
at support.HtmlReportSupport.copyLogos(HtmlReportSupport.java:1427)
at accelerators.TestEngine.filePath(TestEngine.java:283)
at support.HtmlReportSupport.copyLogos(HtmlReportSupport.java:1427)
at accelerators.TestEngine.filePath(TestEngine.java:283)
at support.HtmlReportSupport.copyLogos(HtmlReportSupport.java:1427)
at accelerators.TestEngine.filePath(TestEngine.java:283)
at support.HtmlReportSupport.copyLogos(HtmlReportSupport.java:1427)
at accelerators.TestEngine.filePath(TestEngine.java:283)
at support.HtmlReportSupport.copyLogos(HtmlReportSupport.java:1427)
at accelerators.TestEngine.filePath(TestEngine.java:283)
at support.HtmlReportSupport.copyLogos(HtmlReportSupport.java:1427)
at accelerators.TestEngine.filePath(TestEngine.java:283)
at support.HtmlReportSupport.copyLogos(HtmlReportSupport.java:1427)
at accelerators.TestEngine.filePath(TestEngine.java:283)
at support.HtmlReportSupport.copyLogos(HtmlReportSupport.java:1427)
at accelerators.TestEngine.filePath(TestEngine.java:283)
at support.HtmlReportSupport.copyLogos(HtmlReportSupport.java:1427)
at accelerators.TestEngine.filePath(TestEngine.java:283)
at support.HtmlReportSupport.copyLogos(HtmlReportSupport.java:1427)
at accelerators.TestEngine.filePath(TestEngine.java:283)
at support.HtmlReportSupport.copyLogos(HtmlReportSupport.java:1427)
at accelerators.TestEngine.filePath(TestEngine.java:283)
at support.HtmlReportSupport.copyLogos(HtmlReportSupport.java:1427)
at accelerators.TestEngine.filePath(TestEngine.java:283)
at support.HtmlReportSupport.copyLogos(HtmlReportSupport.java:1427)
at accelerators.TestEngine.filePath(TestEngine.java:283)
at support.HtmlReportSupport.copyLogos(HtmlReportSupport.java:1427)
at accelerators.TestEngine.filePath(TestEngine.java:283)
at support.HtmlReportSupport.copyLogos(HtmlReportSupport.java:1427)
at accelerators.TestEngine.filePath(TestEngine.java:283)
at support.HtmlReportSupport.copyLogos(HtmlReportSupport.java:1427)
at accelerators.TestEngine.filePath(TestEngine.java:283)
at support.HtmlReportSupport.copyLogos(HtmlReportSupport.java:1427)
at accelerators.TestEngine.filePath(TestEngine.java:283)
at support.HtmlReportSupport.copyLogos(HtmlReportSupport.java:1427)
at accelerators.TestEngine.filePath(TestEngine.java:283)
at support.HtmlReportSupport.copyLogos(HtmlReportSupport.java:1427)
at accelerators.TestEngine.filePath(TestEngine.java:283)
at support.HtmlReportSupport.copyLogos(HtmlReportSupport.java:1427)
at accelerators.TestEngine.filePath(TestEngine.java:283)
at support.HtmlReportSupport.copyLogos(HtmlReportSupport.java:1427)
at accelerators.TestEngine.filePath(TestEngine.java:283)
at support.HtmlReportSupport.copyLogos(HtmlReportSupport.java:1427)
at accelerators.TestEngine.filePath(TestEngine.java:283)
at support.HtmlReportSupport.copyLogos(HtmlReportSupport.java:1427)
at accelerators.TestEngine.filePath(TestEngine.java:283)
at support.HtmlReportSupport.copyLogos(HtmlReportSupport.java:1427)
at accelerators.TestEngine.filePath(TestEngine.java:283)
at support.HtmlReportSupport.copyLogos(HtmlReportSupport.java:1427)
at accelerators.TestEngine.filePath(TestEngine.java:283)
at support.HtmlReportSupport.copyLogos(HtmlReportSupport.java:1427)
at accelerators.TestEngine.filePath(TestEngine.java:283)
at support.HtmlReportSupport.copyLogos(HtmlReportSupport.java:1427)
at accelerators.TestEngine.filePath(TestEngine.java:283)
at support.HtmlReportSupport.copyLogos(HtmlReportSupport.java:1427)
at accelerators.TestEngine.filePath(TestEngine.java:283)
at support.HtmlReportSupport.copyLogos(HtmlReportSupport.java:1427)
at accelerators.TestEngine.filePath(TestEngine.java:283)
at support.HtmlReportSupport.copyLogos(HtmlReportSupport.java:1427)
at accelerators.TestEngine.filePath(TestEngine.java:283)
at support.HtmlReportSupport.copyLogos(HtmlReportSupport.java:1427)
at accelerators.TestEngine.filePath(TestEngine.java:283)
at support.HtmlReportSupport.copyLogos(HtmlReportSupport.java:1427)
at accelerators.TestEngine.filePath(TestEngine.java:283)
at support.HtmlReportSupport.copyLogos(HtmlReportSupport.java:1427)
at accelerators.TestEngine.filePath(TestEngine.java:283)
at support.HtmlReportSupport.copyLogos(HtmlReportSupport.java:1427)
at accelerators.TestEngine.filePath(TestEngine.java:283)
at support.HtmlReportSupport.copyLogos(HtmlReportSupport.java:1427)
at accelerators.TestEngine.filePath(TestEngine.java:283)
at support.HtmlReportSupport.copyLogos(HtmlReportSupport.java:1427)
at accelerators.TestEngine.filePath(TestEngine.java:283)
at support.HtmlReportSupport.copyLogos(HtmlReportSupport.java:1427)
at accelerators.TestEngine.filePath(TestEngine.java:283)
at support.HtmlReportSupport.copyLogos(HtmlReportSupport.java:1427)
at accelerators.TestEngine.filePath(TestEngine.java:283)
at support.HtmlReportSupport.copyLogos(HtmlReportSupport.java:1427)
at accelerators.TestEngine.filePath(TestEngine.java:283)
at support.HtmlReportSupport.copyLogos(HtmlReportSupport.java:1427)
at accelerators.TestEngine.filePath(TestEngine.java:283)
at support.HtmlReportSupport.copyLogos(HtmlReportSupport.java:1427)
at accelerators.TestEngine.filePath(TestEngine.java:283)
at support.HtmlReportSupport.copyLogos(HtmlReportSupport.java:1427)
at accelerators.TestEngine.filePath(TestEngine.java:283)
at support.HtmlReportSupport.copyLogos(HtmlReportSupport.java:1427)
at accelerators.TestEngine.filePath(TestEngine.java:283)
at support.HtmlReportSupport.copyLogos(HtmlReportSupport.java:1427)
at accelerators.TestEngine.filePath(TestEngine.java:283)
at support.HtmlReportSupport.copyLogos(HtmlReportSupport.java:1427)
at accelerators.TestEngine.filePath(TestEngine.java:283)
at support.HtmlReportSupport.copyLogos(HtmlReportSupport.java:1427)
at accelerators.TestEngine.filePath(TestEngine.java:283)
at support.HtmlReportSupport.copyLogos(HtmlReportSupport.java:1427)
at accelerators.TestEngine.filePath(TestEngine.java:283)
at support.HtmlReportSupport.copyLogos(HtmlReportSupport.java:1427)
at accelerators.TestEngine.filePath(TestEngine.java:283)
at support.HtmlReportSupport.copyLogos(HtmlReportSupport.java:1427)
at accelerators.TestEngine.filePath(TestEngine.java:283)
at support.HtmlReportSupport.copyLogos(HtmlReportSupport.java:1427)
at accelerators.TestEngine.filePath(TestEngine.java:283)
at support.HtmlReportSupport.copyLogos(HtmlReportSupport.java:1427)
at accelerators.TestEngine.filePath(TestEngine.java:283)
at support.HtmlReportSupport.copyLogos(HtmlReportSupport.java:1427)
at accelerators.TestEngine.filePath(TestEngine.java:283)
at support.HtmlReportSupport.copyLogos(HtmlReportSupport.java:1427)
at accelerators.TestEngine.filePath(TestEngine.java:283)
at support.HtmlReportSupport.copyLogos(HtmlReportSupport.java:1427)
at accelerators.TestEngine.filePath(TestEngine.java:283)
at support.HtmlReportSupport.copyLogos(HtmlReportSupport.java:1427)
at accelerators.TestEngine.filePath(TestEngine.java:283)
at support.HtmlReportSupport.copyLogos(HtmlReportSupport.java:1427)
at accelerators.TestEngine.filePath(TestEngine.java:283)
at support.HtmlReportSupport.copyLogos(HtmlReportSupport.java:1427)
at accelerators.TestEngine.filePath(TestEngine.java:283)
at support.HtmlReportSupport.copyLogos(HtmlReportSupport.java:1427)
at accelerators.TestEngine.filePath(TestEngine.java:283)
at support.HtmlReportSupport.copyLogos(HtmlReportSupport.java:1427)
at accelerators.TestEngine.filePath(TestEngine.java:283)
at support.HtmlReportSupport.copyLogos(HtmlReportSupport.java:1427)
at accelerators.TestEngine.filePath(TestEngine.java:283)
at support.HtmlReportSupport.copyLogos(HtmlReportSupport.java:1427)
at accelerators.TestEngine.filePath(TestEngine.java:283)
at support.HtmlReportSupport.copyLogos(HtmlReportSupport.java:1427)
at accelerators.TestEngine.filePath(TestEngine.java:283)
at support.HtmlReportSupport.copyLogos(HtmlReportSupport.java:1427)
at accelerators.TestEngine.filePath(TestEngine.java:283)
at support.HtmlReportSupport.copyLogos(HtmlReportSupport.java:1427)
at accelerators.TestEngine.filePath(TestEngine.java:283)
at support.HtmlReportSupport.copyLogos(HtmlReportSupport.java:1427)
at accelerators.TestEngine.filePath(TestEngine.java:283)
at support.HtmlReportSupport.copyLogos(HtmlReportSupport.java:1427)
at accelerators.TestEngine.filePath(TestEngine.java:283)
at support.HtmlReportSupport.copyLogos(HtmlReportSupport.java:1427)
at accelerators.TestEngine.filePath(TestEngine.java:283)
at support.HtmlReportSupport.copyLogos(HtmlReportSupport.java:1427)
at accelerators.TestEngine.filePath(TestEngine.java:283)
at support.HtmlReportSupport.copyLogos(HtmlReportSupport.java:1427)
at accelerators.TestEngine.filePath(TestEngine.java:283)
at support.HtmlReportSupport.copyLogos(HtmlReportSupport.java:1427)
at accelerators.TestEngine.filePath(TestEngine.java:283)
at support.HtmlReportSupport.copyLogos(HtmlReportSupport.java:1427)
at accelerators.TestEngine.filePath(TestEngine.java:283)
at support.HtmlReportSupport.copyLogos(HtmlReportSupport.java:1427)
at accelerators.TestEngine.filePath(TestEngine.java:283)
at support.HtmlReportSupport.copyLogos(HtmlReportSupport.java:1427)
at accelerators.TestEngine.filePath(TestEngine.java:283)
at support.HtmlReportSupport.copyLogos(HtmlReportSupport.java:1427)
at accelerators.TestEngine.filePath(TestEngine.java:283)
at support.HtmlReportSupport.copyLogos(HtmlReportSupport.java:1427)
at accelerators.TestEngine.filePath(TestEngine.java:283)
at support.HtmlReportSupport.copyLogos(HtmlReportSupport.java:1427)
at accelerators.TestEngine.filePath(TestEngine.java:283)
at support.HtmlReportSupport.copyLogos(HtmlReportSupport.java:1427)
at accelerators.TestEngine.filePath(TestEngine.java:283)
at support.HtmlReportSupport.copyLogos(HtmlReportSupport.java:1427)
at accelerators.TestEngine.filePath(TestEngine.java:283)
at support.HtmlReportSupport.copyLogos(HtmlReportSupport.java:1427)
at accelerators.TestEngine.filePath(TestEngine.java:283)
at support.HtmlReportSupport.copyLogos(HtmlReportSupport.java:1427)
at accelerators.TestEngine.filePath(TestEngine.java:283)
at support.HtmlReportSupport.copyLogos(HtmlReportSupport.java:1427)
at accelerators.TestEngine.filePath(TestEngine.java:283)
at support.HtmlReportSupport.copyLogos(HtmlReportSupport.java:1427)
at accelerators.TestEngine.filePath(TestEngine.java:283)
at support.HtmlReportSupport.copyLogos(HtmlReportSupport.java:1427)
at accelerators.TestEngine.filePath(TestEngine.java:283)
at support.HtmlReportSupport.copyLogos(HtmlReportSupport.java:1427)
at accelerators.TestEngine.filePath(TestEngine.java:283)
at support.HtmlReportSupport.copyLogos(HtmlReportSupport.java:1427)
at accelerators.TestEngine.filePath(TestEngine.java:283)
at support.HtmlReportSupport.copyLogos(HtmlReportSupport.java:1427)
at accelerators.TestEngine.filePath(TestEngine.java:283)
at support.HtmlReportSupport.copyLogos(HtmlReportSupport.java:1427)
at accelerators.TestEngine.filePath(TestEngine.java:283)
at support.HtmlReportSupport.copyLogos(HtmlReportSupport.java:1427)
at accelerators.TestEngine.filePath(TestEngine.java:283)
at support.HtmlReportSupport.copyLogos(HtmlReportSupport.java:1427)
at accelerators.TestEngine.filePath(TestEngine.java:283)
at support.HtmlReportSupport.copyLogos(HtmlReportSupport.java:1427)
at accelerators.TestEngine.filePath(TestEngine.java:283)
at support.HtmlReportSupport.copyLogos(HtmlReportSupport.java:1427)
at accelerators.TestEngine.filePath(TestEngine.java:283)
at support.HtmlReportSupport.copyLogos(HtmlReportSupport.java:1427)
at accelerators.TestEngine.filePath(TestEngine.java:283)
at support.HtmlReportSupport.copyLogos(HtmlReportSupport.java:1427)
at accelerators.TestEngine.filePath(TestEngine.java:283)
at support.HtmlReportSupport.copyLogos(HtmlReportSupport.java:1427)
at accelerators.TestEngine.filePath(TestEngine.java:283)
at support.HtmlReportSupport.copyLogos(HtmlReportSupport.java:1427)
at accelerators.TestEngine.filePath(TestEngine.java:283)
at support.HtmlReportSupport.copyLogos(HtmlReportSupport.java:1427)
at accelerators.TestEngine.filePath(TestEngine.java:283)
at support.HtmlReportSupport.copyLogos(HtmlReportSupport.java:1427)
at accelerators.TestEngine.filePath(TestEngine.java:283)
at support.HtmlReportSupport.copyLogos(HtmlReportSupport.java:1427)
at accelerators.TestEngine.filePath(TestEngine.java:283)
at support.HtmlReportSupport.copyLogos(HtmlReportSupport.java:1427)
at accelerators.TestEngine.filePath(TestEngine.java:283)
at support.HtmlReportSupport.copyLogos(HtmlReportSupport.java:1427)
at accelerators.TestEngine.filePath(TestEngine.java:283)
at support.HtmlReportSupport.copyLogos(HtmlReportSupport.java:1427)
at accelerators.TestEngine.filePath(TestEngine.java:283)
at support.HtmlReportSupport.copyLogos(HtmlReportSupport.java:1427)
at accelerators.TestEngine.filePath(TestEngine.java:283)
at support.HtmlReportSupport.copyLogos(HtmlReportSupport.java:1427)
at accelerators.TestEngine.filePath(TestEngine.java:283)
at support.HtmlReportSupport.copyLogos(HtmlReportSupport.java:1427)
at accelerators.TestEngine.filePath(TestEngine.java:283)
at support.HtmlReportSupport.copyLogos(HtmlReportSupport.java:1427)
at accelerators.TestEngine.filePath(TestEngine.java:283)
at support.HtmlReportSupport.copyLogos(HtmlReportSupport.java:1427)
at accelerators.TestEngine.filePath(TestEngine.java:283)
at support.HtmlReportSupport.copyLogos(HtmlReportSupport.java:1427)
at accelerators.TestEngine.filePath(TestEngine.java:283)
at support.HtmlReportSupport.copyLogos(HtmlReportSupport.java:1427)
at accelerators.TestEngine.filePath(TestEngine.java:283)
at support.HtmlReportSupport.copyLogos(HtmlReportSupport.java:1427)
at accelerators.TestEngine.filePath(TestEngine.java:283)
at support.HtmlReportSupport.copyLogos(HtmlReportSupport.java:1427)
at accelerators.TestEngine.filePath(TestEngine.java:283)
at support.HtmlReportSupport.copyLogos(HtmlReportSupport.java:1427)
at accelerators.TestEngine.filePath(TestEngine.java:283)
at support.HtmlReportSupport.copyLogos(HtmlReportSupport.java:1427)
at accelerators.TestEngine.filePath(TestEngine.java:283)
at support.HtmlReportSupport.copyLogos(HtmlReportSupport.java:1427)
at accelerators.TestEngine.filePath(TestEngine.java:283)
at support.HtmlReportSupport.copyLogos(HtmlReportSupport.java:1427)
at accelerators.TestEngine.filePath(TestEngine.java:283)
at support.HtmlReportSupport.copyLogos(HtmlReportSupport.java:1427)
at accelerators.TestEngine.filePath(TestEngine.java:283)
at support.HtmlReportSupport.copyLogos(HtmlReportSupport.java:1427)
at accelerators.TestEngine.filePath(TestEngine.java:283)
at support.HtmlReportSupport.copyLogos(HtmlReportSupport.java:1427)
at accelerators.TestEngine.filePath(TestEngine.java:283)
at support.HtmlReportSupport.copyLogos(HtmlReportSupport.java:1427)
at accelerators.TestEngine.filePath(TestEngine.java:283)
at support.HtmlReportSupport.copyLogos(HtmlReportSupport.java:1427)
at accelerators.TestEngine.filePath(TestEngine.java:283)
at support.HtmlReportSupport.copyLogos(HtmlReportSupport.java:1427)
at accelerators.TestEngine.filePath(TestEngine.java:283)
at support.HtmlReportSupport.copyLogos(HtmlReportSupport.java:1427)
at accelerators.TestEngine.filePath(TestEngine.java:283)
at support.HtmlReportSupport.copyLogos(HtmlReportSupport.java:1427)
at accelerators.TestEngine.filePath(TestEngine.java:283)
at support.HtmlReportSupport.copyLogos(HtmlReportSupport.java:1427)
at accelerators.TestEngine.filePath(TestEngine.java:283)
at support.HtmlReportSupport.copyLogos(HtmlReportSupport.java:1427)
at accelerators.TestEngine.filePath(TestEngine.java:283)
at support.HtmlReportSupport.copyLogos(HtmlReportSupport.java:1427)
at accelerators.TestEngine.filePath(TestEngine.java:283)
at support.HtmlReportSupport.copyLogos(HtmlReportSupport.java:1427)
at accelerators.TestEngine.filePath(TestEngine.java:283)
at support.HtmlReportSupport.copyLogos(HtmlReportSupport.java:1427)
at accelerators.TestEngine.filePath(TestEngine.java:283)
at support.HtmlReportSupport.copyLogos(HtmlReportSupport.java:1427)
at accelerators.TestEngine.filePath(TestEngine.java:283)
at support.HtmlReportSupport.copyLogos(HtmlReportSupport.java:1427)
at accelerators.TestEngine.filePath(TestEngine.java:283)
at support.HtmlReportSupport.copyLogos(HtmlReportSupport.java:1427)
at accelerators.TestEngine.filePath(TestEngine.java:283)
at support.HtmlReportSupport.copyLogos(HtmlReportSupport.java:1427)
at accelerators.TestEngine.filePath(TestEngine.java:283)
at support.HtmlReportSupport.copyLogos(HtmlReportSupport.java:1427)
at accelerators.TestEngine.filePath(TestEngine.java:283)
at support.HtmlReportSupport.copyLogos(HtmlReportSupport.java:1427)
at accelerators.TestEngine.filePath(TestEngine.java:283)
at support.HtmlReportSupport.copyLogos(HtmlReportSupport.java:1427)
at accelerators.TestEngine.filePath(TestEngine.java:283)
at support.HtmlReportSupport.copyLogos(HtmlReportSupport.java:1427)
at accelerators.TestEngine.filePath(TestEngine.java:283)
at support.HtmlReportSupport.copyLogos(HtmlReportSupport.java:1427)
at accelerators.TestEngine.filePath(TestEngine.java:283)
at support.HtmlReportSupport.copyLogos(HtmlReportSupport.java:1427)
at accelerators.TestEngine.filePath(TestEngine.java:283)
at support.HtmlReportSupport.copyLogos(HtmlReportSupport.java:1427)
at accelerators.TestEngine.filePath(TestEngine.java:283)
at support.HtmlReportSupport.copyLogos(HtmlReportSupport.java:1427)
at accelerators.TestEngine.filePath(TestEngine.java:283)
at support.HtmlReportSupport.copyLogos(HtmlReportSupport.java:1427)
at accelerators.TestEngine.filePath(TestEngine.java:283)
at support.HtmlReportSupport.copyLogos(HtmlReportSupport.java:1427)
at accelerators.TestEngine.filePath(TestEngine.java:283)
at support.HtmlReportSupport.copyLogos(HtmlReportSupport.java:1427)
at accelerators.TestEngine.filePath(TestEngine.java:283)
at support.HtmlReportSupport.copyLogos(HtmlReportSupport.java:1427)
at accelerators.TestEngine.filePath(TestEngine.java:283)
at support.HtmlReportSupport.copyLogos(HtmlReportSupport.java:1427)
at accelerators.TestEngine.filePath(TestEngine.java:283)
at support.HtmlReportSupport.copyLogos(HtmlReportSupport.java:1427)
at accelerators.TestEngine.filePath(TestEngine.java:283)
at support.HtmlReportSupport.copyLogos(HtmlReportSupport.java:1427)
at accelerators.TestEngine.filePath(TestEngine.java:283)
at support.HtmlReportSupport.copyLogos(HtmlReportSupport.java:1427)
at accelerators.TestEngine.filePath(TestEngine.java:283)
at support.HtmlReportSupport.copyLogos(HtmlReportSupport.java:1427)
at accelerators.TestEngine.filePath(TestEngine.java:283)
at support.HtmlReportSupport.copyLogos(HtmlReportSupport.java:1427)
at accelerators.TestEngine.filePath(TestEngine.java:283)
at support.HtmlReportSupport.copyLogos(HtmlReportSupport.java:1427)
at accelerators.TestEngine.filePath(TestEngine.java:283)
at support.HtmlReportSupport.copyLogos(HtmlReportSupport.java:1427)
at accelerators.TestEngine.filePath(TestEngine.java:283)
at support.HtmlReportSupport.copyLogos(HtmlReportSupport.java:1427)
at accelerators.TestEngine.filePath(TestEngine.java:283)
at support.HtmlReportSupport.copyLogos(HtmlReportSupport.java:1427)
at accelerators.TestEngine.filePath(TestEngine.java:283)
at support.HtmlReportSupport.copyLogos(HtmlReportSupport.java:1427)
at accelerators.TestEngine.filePath(TestEngine.java:283)
at support.HtmlReportSupport.copyLogos(HtmlReportSupport.java:1427)
at accelerators.TestEngine.filePath(TestEngine.java:283)
at support.HtmlReportSupport.copyLogos(HtmlReportSupport.java:1427)
at accelerators.TestEngine.filePath(TestEngine.java:283)
at support.HtmlReportSupport.copyLogos(HtmlReportSupport.java:1427)
at accelerators.TestEngine.filePath(TestEngine.java:283)
at support.HtmlReportSupport.copyLogos(HtmlReportSupport.java:1427)
at accelerators.TestEngine.filePath(TestEngine.java:283)
at support.HtmlReportSupport.copyLogos(HtmlReportSupport.java:1427)
at accelerators.TestEngine.filePath(TestEngine.java:283)
at support.HtmlReportSupport.copyLogos(HtmlReportSupport.java:1427)
at accelerators.TestEngine.filePath(TestEngine.java:283)
at support.HtmlReportSupport.copyLogos(HtmlReportSupport.java:1427)
at accelerators.TestEngine.filePath(TestEngine.java:283)
at support.HtmlReportSupport.copyLogos(HtmlReportSupport.java:1427)
at accelerators.TestEngine.filePath(TestEngine.java:283)
at support.HtmlReportSupport.copyLogos(HtmlReportSupport.java:1427)
at accelerators.TestEngine.filePath(TestEngine.java:283)
at support.HtmlReportSupport.copyLogos(HtmlReportSupport.java:1427)
at accelerators.TestEngine.filePath(TestEngine.java:283)
at support.HtmlReportSupport.copyLogos(HtmlReportSupport.java:1427)
at accelerators.TestEngine.filePath(TestEngine.java:283)
at support.HtmlReportSupport.copyLogos(HtmlReportSupport.java:1427)
at accelerators.TestEngine.filePath(TestEngine.java:283)
at support.HtmlReportSupport.copyLogos(HtmlReportSupport.java:1427)
at accelerators.TestEngine.filePath(TestEngine.java:283)
at support.HtmlReportSupport.copyLogos(HtmlReportSupport.java:1427)
at accelerators.TestEngine.filePath(TestEngine.java:283)
at support.HtmlReportSupport.copyLogos(HtmlReportSupport.java:1427)
at accelerators.TestEngine.filePath(TestEngine.java:283)
at support.HtmlReportSupport.copyLogos(HtmlReportSupport.java:1427)
at accelerators.TestEngine.filePath(TestEngine.java:283)
at support.HtmlReportSupport.copyLogos(HtmlReportSupport.java:1427)
at accelerators.TestEngine.filePath(TestEngine.java:283)
at support.HtmlReportSupport.copyLogos(HtmlReportSupport.java:1427)
at accelerators.TestEngine.filePath(TestEngine.java:283)
at support.HtmlReportSupport.copyLogos(HtmlReportSupport.java:1427)
at accelerators.TestEngine.filePath(TestEngine.java:283)
at support.HtmlReportSupport.copyLogos(HtmlReportSupport.java:1427)
at accelerators.TestEngine.filePath(TestEngine.java:283)
at support.HtmlReportSupport.copyLogos(HtmlReportSupport.java:1427)
at accelerators.TestEngine.filePath(TestEngine.java:283)
at support.HtmlReportSupport.copyLogos(HtmlReportSupport.java:1427)
at accelerators.TestEngine.filePath(TestEngine.java:283)
at support.HtmlReportSupport.copyLogos(HtmlReportSupport.java:1427)
at accelerators.TestEngine.filePath(TestEngine.java:283)
at support.HtmlReportSupport.copyLogos(HtmlReportSupport.java:1427)
at accelerators.TestEngine.filePath(TestEngine.java:283)
at support.HtmlReportSupport.copyLogos(HtmlReportSupport.java:1427)
at accelerators.TestEngine.filePath(TestEngine.java:283)
at support.HtmlReportSupport.copyLogos(HtmlReportSupport.java:1427)
at accelerators.TestEngine.filePath(TestEngine.java:283)
at support.HtmlReportSupport.copyLogos(HtmlReportSupport.java:1427)
at accelerators.TestEngine.filePath(TestEngine.java:283)
at support.HtmlReportSupport.copyLogos(HtmlReportSupport.java:1427)
at accelerators.TestEngine.filePath(TestEngine.java:283)
at support.HtmlReportSupport.copyLogos(HtmlReportSupport.java:1427)
at accelerators.TestEngine.filePath(TestEngine.java:283)
at support.HtmlReportSupport.copyLogos(HtmlReportSupport.java:1427)
at accelerators.TestEngine.filePath(TestEngine.java:283)
at support.HtmlReportSupport.copyLogos(HtmlReportSupport.java:1427)
at accelerators.TestEngine.filePath(TestEngine.java:283)
at support.HtmlReportSupport.copyLogos(HtmlReportSupport.java:1427)
at accelerators.TestEngine.filePath(TestEngine.java:283)
at support.HtmlReportSupport.copyLogos(HtmlReportSupport.java:1427)
at accelerators.TestEngine.filePath(TestEngine.java:283)
at support.HtmlReportSupport.copyLogos(HtmlReportSupport.java:1427)
at accelerators.TestEngine.filePath(TestEngine.java:283)
at support.HtmlReportSupport.copyLogos(HtmlReportSupport.java:1427)
at accelerators.TestEngine.filePath(TestEngine.java:283)
at support.HtmlReportSupport.copyLogos(HtmlReportSupport.java:1427)
at accelerators.TestEngine.filePath(TestEngine.java:283)
at support.HtmlReportSupport.copyLogos(HtmlReportSupport.java:1427)
at accelerators.TestEngine.filePath(TestEngine.java:283)
at support.HtmlReportSupport.copyLogos(HtmlReportSupport.java:1427)
at accelerators.TestEngine.filePath(TestEngine.java:283)
at support.HtmlReportSupport.copyLogos(HtmlReportSupport.java:1427)
at accelerators.TestEngine.filePath(TestEngine.java:283)
at support.HtmlReportSupport.copyLogos(HtmlReportSupport.java:1427)
at accelerators.TestEngine.filePath(TestEngine.java:283)
at support.HtmlReportSupport.copyLogos(HtmlReportSupport.java:1427)
at accelerators.TestEngine.filePath(TestEngine.java:283)
at support.HtmlReportSupport.copyLogos(HtmlReportSupport.java:1427)
at accelerators.TestEngine.filePath(TestEngine.java:283)
at support.HtmlReportSupport.copyLogos(HtmlReportSupport.java:1427)
at accelerators.TestEngine.filePath(TestEngine.java:283)
at support.HtmlReportSupport.copyLogos(HtmlReportSupport.java:1427)
at accelerators.TestEngine.filePath(TestEngine.java:283)
at support.HtmlReportSupport.copyLogos(HtmlReportSupport.java:1427)
at accelerators.TestEngine.filePath(TestEngine.java:283)
at support.HtmlReportSupport.copyLogos(HtmlReportSupport.java:1427)
at accelerators.TestEngine.filePath(TestEngine.java:283)
at support.HtmlReportSupport.copyLogos(HtmlReportSupport.java:1427)
at accelerators.TestEngine.filePath(TestEngine.java:283)
at support.HtmlReportSupport.copyLogos(HtmlReportSupport.java:1427)
at accelerators.TestEngine.filePath(TestEngine.java:283)
at support.HtmlReportSupport.copyLogos(HtmlReportSupport.java:1427)
at accelerators.TestEngine.filePath(TestEngine.java:283)
at support.HtmlReportSupport.copyLogos(HtmlReportSupport.java:1427)
at accelerators.TestEngine.filePath(TestEngine.java:283)
at support.HtmlReportSupport.copyLogos(HtmlReportSupport.java:1427)
at accelerators.TestEngine.filePath(TestEngine.java:283)
at support.HtmlReportSupport.copyLogos(HtmlReportSupport.java:1427)
at accelerators.TestEngine.filePath(TestEngine.java:283)
at support.HtmlReportSupport.copyLogos(HtmlReportSupport.java:1427)
at accelerators.TestEngine.filePath(TestEngine.java:283)
at support.HtmlReportSupport.copyLogos(HtmlReportSupport.java:1427)
at accelerators.TestEngine.filePath(TestEngine.java:283)
at support.HtmlReportSupport.copyLogos(HtmlReportSupport.java:1427)
at accelerators.TestEngine.filePath(TestEngine.java:283)
at support.HtmlReportSupport.copyLogos(HtmlReportSupport.java:1427)
at accelerators.TestEngine.filePath(TestEngine.java:283)
at support.HtmlReportSupport.copyLogos(HtmlReportSupport.java:1427)
at accelerators.TestEngine.filePath(TestEngine.java:283)
at support.HtmlReportSupport.copyLogos(HtmlReportSupport.java:1427)
]]>
            </full-stacktrace>
          </exception> <!-- java.lang.StackOverflowError -->
          <reporter-output>
          </reporter-output>
        </test-method> <!-- tearDownMethod -->
      </class> <!-- testsuite.TestClass -->
    </test> <!-- Default test -->
  </suite> <!-- Default suite -->
</testng-results>
